[27829:27829:0802/073900.877794:WARNING:chrome_main_delegate.cc(744)] This is Chrome version 127.0.6533.88 (not a warning)
[27829:27829:0802/073901.018663:INFO:chrome_browser_cloud_management_controller.cc(196)] No machine level policy manager exists.
[27829:27829:0802/073901.035914:WARNING:browser_management_service.cc(128)] EnterpriseLogoUrl fetch failed with error code -1 and MIME type 
[27829:27829:0802/073901.140168:WARNING:bluez_dbus_manager.cc(248)] Floss manager not present, cannot set Floss enable/disable.
[27867:27867:0802/073901.183910:WARNING:sandbox_linux.cc(430)] InitializeSandbox() called with multiple threads in process gpu-process.
[27829:27829:0802/073901.320254:ERROR:object_proxy.cc(576)] Failed to call method: org.freedesktop.ScreenSaver.GetActive: object_path= /org/freedesktop/ScreenSaver: org.freedesktop.DBus.Error.NotSupported: This method is not implemented
[27950:27950:0802/073904.078978:INFO:document_style_environment_variables.cc(92)] E2E_Used SafeAreaInsetBottom
[27829:27829:0802/073904.287217:INFO:CONSOLE(2)] "<IDMS-UI> ROUTE CHANGED", source: https://appleid.cdn-apple.com/static/module-assets/home-06d36a126192aebad6c6.js (2)
[27829:27829:0802/073904.497640:INFO:CONSOLE(0)] "Access to fetch at 'https://www.apple.com/search-services/suggestions/defaultlinks/?src=globalnav&locale=en_GB' from origin 'https://appleid.apple.com' has been blocked by CORS policy: No 'Access-Control-Allow-Origin' header is present on the requested resource. If an opaque response serves your needs, set the request's mode to 'no-cors' to fetch the resource with CORS disabled.", source: https://appleid.apple.com/ (0)
[27829:27829:0802/073908.082398:INFO:CONSOLE(2)] "Error: <g> attribute transform: Expected transform function, "undefined".", source: https://appleid.cdn-apple.com/static/module-assets/react-redux-kit-6434ee419f48116d3a5b.js (2)
[27829:27829:0802/073908.083265:INFO:CONSOLE(2)] "Error: <g> attribute transform: Expected transform function, "undefined".", source: https://appleid.cdn-apple.com/static/module-assets/react-redux-kit-6434ee419f48116d3a5b.js (2)
[27829:27829:0802/073908.084363:INFO:CONSOLE(2)] "Error: <g> attribute transform: Expected transform function, "undefined".", source: https://appleid.cdn-apple.com/static/module-assets/react-redux-kit-6434ee419f48116d3a5b.js (2)
[27829:27829:0802/073908.085171:INFO:CONSOLE(2)] "Error: <g> attribute transform: Expected transform function, "undefined".", source: https://appleid.cdn-apple.com/static/module-assets/react-redux-kit-6434ee419f48116d3a5b.js (2)
[27829:27829:0802/073908.086695:INFO:CONSOLE(2)] "Error: <g> attribute transform: Expected transform function, "undefined".", source: https://appleid.cdn-apple.com/static/module-assets/react-redux-kit-6434ee419f48116d3a5b.js (2)
[27950:27950:0802/073908.112796:INFO:document_style_environment_variables.cc(92)] E2E_Used SafeAreaInsetBottom
[27829:27829:0802/073908.196059:INFO:CONSOLE(2)] "<IDMS-UI> ROUTE CHANGED:account/manage", source: https://appleid.cdn-apple.com/static/module-assets/home-06d36a126192aebad6c6.js (2)
[27829:27829:0802/073908.320851:INFO:CONSOLE(0)] "Access to fetch at 'https://www.apple.com/search-services/suggestions/defaultlinks/?src=globalnav&locale=en_GB' from origin 'https://appleid.apple.com' has been blocked by CORS policy: No 'Access-Control-Allow-Origin' header is present on the requested resource. If an opaque response serves your needs, set the request's mode to 'no-cors' to fetch the resource with CORS disabled.", source: https://appleid.apple.com/account/manage (0)
[27829:27829:0802/073908.444118:INFO:CONSOLE(2)] "<IDMS-UI> MODULE CONNECTING:Attempting to connect to module. -> {"details":{"name":"family-section","wid":"95c8aa4a-0f0a-45e6-9cd3-e7856f6764ae","time":251}}", source: https://appleid.cdn-apple.com/static/module-assets/home-06d36a126192aebad6c6.js (2)
[27829:27829:0802/073908.708436:INFO:CONSOLE(2)] "<IDMS-UI> MODULE CONNECTED:Module connected successfully. -> {"details":{"name":"family-section","wid":"95c8aa4a-0f0a-45e6-9cd3-e7856f6764ae","time":515,"version":"unknown"}}", source: https://appleid.cdn-apple.com/static/module-assets/home-06d36a126192aebad6c6.js (2)
[27829:27829:0802/073909.157340:INFO:CONSOLE(2)] "<IDMS-UI> MODULE READY:Module is ready to be shown. -> {"details":{"name":"family-section","wid":"95c8aa4a-0f0a-45e6-9cd3-e7856f6764ae","time":964}}", source: https://appleid.cdn-apple.com/static/module-assets/home-06d36a126192aebad6c6.js (2)
[27829:27829:0802/073909.158001:INFO:CONSOLE(2)] "<IDMS-UI> MODULE WILL SHOW RESOLVED:Module should be shown -> {"details":{"name":"family-section","wid":"95c8aa4a-0f0a-45e6-9cd3-e7856f6764ae","time":965}}", source: https://appleid.cdn-apple.com/static/module-assets/home-06d36a126192aebad6c6.js (2)
[27829:27829:0802/074128.710471:INFO:CONSOLE(2)] "root handling / or empty", source: https://podcastsconnect.apple.com/m/podcasts-root/main.f1b6c5a450df2cf3b531.js (2)
[27829:27829:0802/074128.739084:INFO:CONSOLE(2)] "root handling / or empty", source: https://podcastsconnect.apple.com/m/podcasts-root/main.f1b6c5a450df2cf3b531.js (2)
[27829:27829:0802/074128.745362:INFO:CONSOLE(2)] "root handling / or empty", source: https://podcastsconnect.apple.com/m/podcasts-root/main.f1b6c5a450df2cf3b531.js (2)
[27829:27829:0802/074128.753318:INFO:CONSOLE(2)] "root handling / or empty", source: https://podcastsconnect.apple.com/m/podcasts-root/main.f1b6c5a450df2cf3b531.js (2)
[27829:27829:0802/074128.772724:INFO:CONSOLE(2)] "root handling / or empty", source: https://podcastsconnect.apple.com/m/podcasts-root/main.f1b6c5a450df2cf3b531.js (2)
[27829:27829:0802/074128.783591:INFO:CONSOLE(2)] "root handling /my-podcasts", source: https://podcastsconnect.apple.com/m/podcasts-root/main.f1b6c5a450df2cf3b531.js (2)
[27829:27829:0802/074128.835263:INFO:CONSOLE(2)] "root handling /my-podcasts", source: https://podcastsconnect.apple.com/m/podcasts-root/main.f1b6c5a450df2cf3b531.js (2)
[27829:27829:0802/074128.847252:INFO:CONSOLE(2)] "root handling /my-podcasts", source: https://podcastsconnect.apple.com/m/podcasts-root/main.f1b6c5a450df2cf3b531.js (2)
[27829:27829:0802/074128.858631:INFO:CONSOLE(2)] "root handling /my-podcasts", source: https://podcastsconnect.apple.com/m/podcasts-root/main.f1b6c5a450df2cf3b531.js (2)
[27829:27829:0802/074128.866476:INFO:CONSOLE(2)] "root handling /my-podcasts", source: https://podcastsconnect.apple.com/m/podcasts-root/main.f1b6c5a450df2cf3b531.js (2)
[27829:27829:0802/074128.874007:INFO:CONSOLE(2)] "root handling /my-podcasts", source: https://podcastsconnect.apple.com/m/podcasts-root/main.f1b6c5a450df2cf3b531.js (2)
[27829:27829:0802/074128.882001:INFO:CONSOLE(2)] "root handling /my-podcasts", source: https://podcastsconnect.apple.com/m/podcasts-root/main.f1b6c5a450df2cf3b531.js (2)
[27829:27829:0802/074129.654602:INFO:CONSOLE(0)] "Error while trying to use the following icon from the Manifest: https://podcastsconnect.apple.com/m/podcasts/assets/icon_podcast.png (Download error or resource isn't a valid image)", source: https://podcastsconnect.apple.com/my-podcasts (0)
[27829:27829:0802/074132.635602:INFO:CONSOLE(2)] ""debugSource" found.
This will override any same-named client-supplied configSource fields.
This setting "sticks" across session, use "setDebugSource(null)" to clear", source: https://podcastsconnect.apple.com/m/podcasts-react/main.65bf4cf6adf4474b.js (2)
[27829:27829:0802/074132.653090:INFO:CONSOLE(2)] "root handling /my-podcasts", source: https://podcastsconnect.apple.com/m/podcasts-react/main.65bf4cf6adf4474b.js (2)
[27829:27829:0802/074132.664415:INFO:CONSOLE(2)] "root handling /my-podcasts", source: https://podcastsconnect.apple.com/m/podcasts-react/main.65bf4cf6adf4474b.js (2)
[27829:27829:0802/074133.227021:INFO:CONSOLE(2)] "metricskit initialized", source: https://podcastsconnect.apple.com/m/podcasts-react/main.65bf4cf6adf4474b.js (2)
[27829:27829:0802/074133.751049:INFO:CONSOLE(2)] "root handling /my-podcasts", source: https://podcastsconnect.apple.com/m/podcasts-react/main.65bf4cf6adf4474b.js (2)
[27829:27829:0802/074136.979213:INFO:CONSOLE(2)] "root handling /my-podcasts", source: https://podcastsconnect.apple.com/m/podcasts-react/main.65bf4cf6adf4474b.js (2)
[27829:27829:0802/074137.684618:INFO:CONSOLE(2)] "MetricsKit event [object Object]", source: https://podcastsconnect.apple.com/m/podcasts-react/main.65bf4cf6adf4474b.js (2)
[27829:27829:0802/074137.685843:INFO:CONSOLE(2)] "Metrics config: No config provided via delegate or fetched via init(), using default/cached config values.", source: https://podcastsconnect.apple.com/m/podcasts-react/main.65bf4cf6adf4474b.js (2)
[27829:27829:0802/074137.686352:INFO:CONSOLE(2)] ""debugSource" found.
This will override any same-named client-supplied configSource fields.
This setting "sticks" across session, use "setDebugSource(null)" to clear", source: https://podcastsconnect.apple.com/m/podcasts-react/main.65bf4cf6adf4474b.js (2)
[27829:27829:0802/074142.963828:INFO:CONSOLE(2)] "root handling /my-podcasts", source: https://podcastsconnect.apple.com/m/podcasts-react/main.65bf4cf6adf4474b.js (2)
[27829:27829:0802/074305.151563:ERROR:atom_cache.cc(229)] Add chromium/x-source-url to kAtomsToCache
[27829:27829:0802/074422.644022:INFO:CONSOLE(2)] "MetricsKit event [object Object]", source: https://podcastsconnect.apple.com/m/podcasts-react/main.65bf4cf6adf4474b.js (2)
[27829:27829:0802/074547.787004:INFO:CONSOLE(2)] "MetricsKit event [object Object]", source: https://podcastsconnect.apple.com/m/podcasts-react/main.65bf4cf6adf4474b.js (2)
[27829:27829:0802/090801.401779:WARNING:pref_notifier_impl.cc(41)] Pref observer for media_router.cast_allow_all_ips found at shutdown.
